<?xml version="1.0" encoding="UTF-8"?>
<!-- Generated by org.testng.reporters.JUnitXMLReporter -->
<testsuite hostname="Shumon" ignored="0" name="release 3.5" tests="5" failures="1" timestamp="20 Feb 2021 18:25:30 GMT" time="50.565" errors="0">
  <testcase name="bmainTestOne" time="0.051" classname="scripts.sampleTest"/>
  <testcase name="cmainTest" time="0.002" classname="scripts.sampleTest"/>
  <testcase name="mainTest" time="10.063" classname="scripts.yahooSighUp"/>
  <testcase name="validateElement" time="0.207" classname="scripts.yahooSignupElement"/>
  <testcase name="validateForm" time="9.572" classname="scripts.yahooSignupElement">
    <failure type="junit.framework.ComparisonFailure" message="expected:&amp;lt;...&amp;gt; but was:&amp;lt;...create&amp;gt;">
      <![CDATA[junit.framework.ComparisonFailure: expected:<...> but was:<...create>
	at junit.framework.Assert.assertEquals(Assert.java:81)
	at junit.framework.Assert.assertEquals(Assert.java:87)
	at scripts.yahooSignupElement.validateForm(yahooSignupElement.java:109)
... Removed 25 stack frames]]>
    </failure>
  </testcase> <!-- validateForm -->
</testsuite> <!-- release 3.5 -->
