<?xml version="1.0" encoding="UTF-8"?>
<!-- Generated by org.testng.reporters.JUnitXMLReporter -->
<testsuite hostname="Shumon" ignored="0" name="Command line test" tests="4" failures="0" timestamp="20 Feb 2021 18:57:10 GMT" time="18.81" errors="0">
  <testcase name="bmainTestOne" time="0.003" classname="scripts.sampleTest"/>
  <testcase name="cmainTest" time="0.0" classname="scripts.sampleTest"/>
  <testcase name="validateElement" time="0.172" classname="scripts.yahooTest"/>
  <testcase name="validateForm" time="9.574" classname="scripts.yahooTest"/>
</testsuite> <!-- Command line test -->
