<?xml version="1.0" encoding="UTF-8"?>
<testng-results skipped="0" failed="0" ignored="0" total="4" passed="4">
  <reporter-output>
  </reporter-output>
  <suite name="Command line suite" duration-ms="18810" started-at="2021-02-20T18:56:51Z" finished-at="2021-02-20T18:57:10Z">
    <groups>
    </groups>
    <test name="Command line test" duration-ms="18810" started-at="2021-02-20T18:56:51Z" finished-at="2021-02-20T18:57:10Z">
      <class name="scripts.sampleTest">
        <test-method status="PASS" signature="setupTest()[pri:0, instance:scripts.sampleTest@1fbc7afb]" name="setupTest" is-config="true" duration-ms="14" started-at="2021-02-20T13:56:51Z" finished-at="2021-02-20T13:56:51Z">
          <reporter-output>
          </reporter-output>
        </test-method> <!-- setupTest -->
        <test-method status="PASS" signature="setupTest()[pri:0, instance:scripts.yahooTest@45c8e616]" name="setupTest" is-config="true" duration-ms="5369" started-at="2021-02-20T13:56:51Z" finished-at="2021-02-20T13:56:56Z">
          <reporter-output>
          </reporter-output>
        </test-method> <!-- setupTest -->
        <test-method status="PASS" signature="bmainTestOne()[pri:0, instance:scripts.sampleTest@1fbc7afb]" name="bmainTestOne" duration-ms="3" started-at="2021-02-20T13:56:56Z" finished-at="2021-02-20T13:56:56Z">
          <reporter-output>
          </reporter-output>
        </test-method> <!-- bmainTestOne -->
        <test-method status="PASS" signature="cmainTest()[pri:0, instance:scripts.sampleTest@1fbc7afb]" name="cmainTest" duration-ms="0" started-at="2021-02-20T13:56:56Z" finished-at="2021-02-20T13:56:56Z">
          <reporter-output>
          </reporter-output>
        </test-method> <!-- cmainTest -->
        <test-method status="PASS" signature="finishTest()[pri:0, instance:scripts.sampleTest@1fbc7afb]" name="finishTest" is-config="true" duration-ms="1" started-at="2021-02-20T13:57:08Z" finished-at="2021-02-20T13:57:08Z">
          <reporter-output>
          </reporter-output>
        </test-method> <!-- finishTest -->
        <test-method status="PASS" signature="endtest()[pri:0, instance:scripts.yahooTest@45c8e616]" name="endtest" is-config="true" duration-ms="1510" started-at="2021-02-20T13:57:08Z" finished-at="2021-02-20T13:57:10Z">
          <reporter-output>
          </reporter-output>
        </test-method> <!-- endtest -->
      </class> <!-- scripts.sampleTest -->
      <class name="scripts.yahooTest">
        <test-method status="PASS" signature="beforeEachTest()[pri:0, instance:scripts.yahooTest@45c8e616]" name="beforeEachTest" is-config="true" duration-ms="1748" started-at="2021-02-20T13:56:56Z" finished-at="2021-02-20T13:56:58Z">
          <reporter-output>
          </reporter-output>
        </test-method> <!-- beforeEachTest -->
        <test-method status="PASS" signature="validateElement()[pri:0, instance:scripts.yahooTest@45c8e616]" name="validateElement" duration-ms="172" started-at="2021-02-20T13:56:58Z" finished-at="2021-02-20T13:56:58Z">
          <reporter-output>
          </reporter-output>
        </test-method> <!-- validateElement -->
        <test-method status="PASS" signature="beforeEachTest()[pri:0, instance:scripts.yahooTest@45c8e616]" name="beforeEachTest" is-config="true" duration-ms="393" started-at="2021-02-20T13:56:58Z" finished-at="2021-02-20T13:56:59Z">
          <reporter-output>
          </reporter-output>
        </test-method> <!-- beforeEachTest -->
        <test-method status="PASS" signature="validateForm()[pri:1, instance:scripts.yahooTest@45c8e616]" name="validateForm" duration-ms="9574" started-at="2021-02-20T13:56:59Z" finished-at="2021-02-20T13:57:08Z">
          <reporter-output>
          </reporter-output>
        </test-method> <!-- validateForm -->
      </class> <!-- scripts.yahooTest -->
    </test> <!-- Command line test -->
  </suite> <!-- Command line suite -->
</testng-results>
