<?xml version="1.0" encoding="UTF-8"?>
<!-- Generated by org.testng.reporters.JUnitXMLReporter -->
<testsuite hostname="Shumon" ignored="0" name="sprint 2.2" tests="8" failures="1" timestamp="19 Feb 2021 20:31:05 GMT" time="73.608" errors="0">
  <testcase name="bmainTestOne" time="0.05" classname="scripts.sampleTest"/>
  <testcase name="cmainTest" time="0.003" classname="scripts.sampleTest"/>
  <testcase name="mainTest" time="12.187" classname="scripts.yahooSighUp"/>
  <testcase name="validateElement" time="12.931" classname="scripts.yahooSignupElement"/>
  <testcase name="validateElement" time="0.002" classname="scripts.sampleTest1"/>
  <testcase name="validateForm" time="9.554" classname="scripts.yahooSignupElement">
    <failure type="junit.framework.ComparisonFailure" message="expected:&amp;lt;...&amp;gt; but was:&amp;lt;...create&amp;gt;">
      <![CDATA[junit.framework.ComparisonFailure: expected:<...> but was:<...create>
	at junit.framework.Assert.assertEquals(Assert.java:81)
	at junit.framework.Assert.assertEquals(Assert.java:87)
	at scripts.yahooSignupElement.validateForm(yahooSignupElement.java:109)
... Removed 25 stack frames]]>
    </failure>
  </testcase> <!-- validateForm -->
  <testcase name="validateLink" time="0.005" classname="scripts.sampleTest1"/>
  <testcase name="validateMenu" time="0.002" classname="scripts.sampleTest1"/>
</testsuite> <!-- sprint 2.2 -->
