<?xml version="1.0" encoding="UTF-8"?>
<testng-results skipped="0" failed="0" ignored="0" total="2" passed="2">
  <reporter-output>
  </reporter-output>
  <suite name="Default suite" duration-ms="17930" started-at="2021-02-20T18:34:19Z" finished-at="2021-02-20T18:34:37Z">
    <groups>
    </groups>
    <test name="Default test" duration-ms="17930" started-at="2021-02-20T18:34:19Z" finished-at="2021-02-20T18:34:37Z">
      <class name="scripts.yahooSignupElement">
        <test-method status="PASS" signature="setupTest()[pri:0, instance:scripts.yahooSignupElement@184cf7cf]" name="setupTest" is-config="true" duration-ms="4084" started-at="2021-02-20T13:34:19Z" finished-at="2021-02-20T13:34:23Z">
          <reporter-output>
          </reporter-output>
        </test-method> <!-- setupTest -->
        <test-method status="PASS" signature="beforeEachTest()[pri:0, instance:scripts.yahooSignupElement@184cf7cf]" name="beforeEachTest" is-config="true" duration-ms="2006" started-at="2021-02-20T13:34:23Z" finished-at="2021-02-20T13:34:25Z">
          <reporter-output>
          </reporter-output>
        </test-method> <!-- beforeEachTest -->
        <test-method status="PASS" signature="validateElement()[pri:0, instance:scripts.yahooSignupElement@184cf7cf]" name="validateElement" duration-ms="379" started-at="2021-02-20T13:34:25Z" finished-at="2021-02-20T13:34:25Z">
          <reporter-output>
          </reporter-output>
        </test-method> <!-- validateElement -->
        <test-method status="PASS" signature="beforeEachTest()[pri:0, instance:scripts.yahooSignupElement@184cf7cf]" name="beforeEachTest" is-config="true" duration-ms="517" started-at="2021-02-20T13:34:26Z" finished-at="2021-02-20T13:34:26Z">
          <reporter-output>
          </reporter-output>
        </test-method> <!-- beforeEachTest -->
        <test-method status="PASS" signature="validateForm()[pri:1, instance:scripts.yahooSignupElement@184cf7cf]" name="validateForm" duration-ms="9617" started-at="2021-02-20T13:34:26Z" finished-at="2021-02-20T13:34:36Z">
          <reporter-output>
          </reporter-output>
        </test-method> <!-- validateForm -->
        <test-method status="PASS" signature="endtest()[pri:0, instance:scripts.yahooSignupElement@184cf7cf]" name="endtest" is-config="true" duration-ms="1259" started-at="2021-02-20T13:34:36Z" finished-at="2021-02-20T13:34:37Z">
          <reporter-output>
          </reporter-output>
        </test-method> <!-- endtest -->
      </class> <!-- scripts.yahooSignupElement -->
    </test> <!-- Default test -->
  </suite> <!-- Default suite -->
</testng-results>
